<?xml version="1.0" encoding="UTF-8"?>
<!-- Generated by org.testng.reporters.JUnitXMLReporter -->
<testsuite hostname="LAPTOP-29E7URT6" ignored="10" name="Test" tests="6" failures="1" timestamp="14 Nov 2021 05:22:22 GMT" time="68.716" errors="0">
  <testcase name="@BeforeClass getTestCaseName" time="0.001" classname="testCases.LoginToMyStore2">
    <skipped/>
  </testcase> <!-- @BeforeClass getTestCaseName -->
  <testcase name="@BeforeClass getTestCaseName" time="0.001" classname="testCases.LoginToMyStoreWithRegisteredUser2">
    <skipped/>
  </testcase> <!-- @BeforeClass getTestCaseName -->
  <testcase name="@BeforeClass getTestCaseName" time="0.001" classname="testCases.LoginToMyStoreWithRegisteredUser3">
    <skipped/>
  </testcase> <!-- @BeforeClass getTestCaseName -->
  <testcase name="loginToMyStore" time="24.674" classname="testCases.LoginToMyStore"/>
  <testcase name="loginToMyStore2" time="0.0" classname="testCases.LoginToMyStore2">
    <skipped/>
  </testcase> <!-- loginToMyStore2 -->
  <testcase name="loginToMyStoreWithRegisteredUser" time="22.132" classname="testCases.LoginToMyStoreWithRegisteredUser"/>
  <testcase name="loginToMyStoreWithRegisteredUser2" time="0.0" classname="testCases.LoginToMyStoreWithRegisteredUser2">
    <skipped/>
  </testcase> <!-- loginToMyStoreWithRegisteredUser2 -->
  <testcase name="loginToMyStoreWithRegisteredUser3" time="0.0" classname="testCases.LoginToMyStoreWithRegisteredUser3">
    <skipped/>
  </testcase> <!-- loginToMyStoreWithRegisteredUser3 -->
  <testcase name="endToEndTestCase" time="20.746" classname="testCases.EndToEndTestCase">
    <failure type="java.lang.AssertionError" message="expected [My Store] but found [Login - My Store]">
      <![CDATA[java.lang.AssertionError: expected [My Store] but found [Login - My Store]
at utility.CommonMethods.verifyPageTitle(CommonMethods.java:60)
at pages.HomePage.LoginWithRegisteredUser(HomePage.java:25)
at testCases.EndToEndTestCase.endToEndTestCase(EndToEndTestCase.java:34)
... Removed 31 stack frames]]>
    </failure>
  </testcase> <!-- endToEndTestCase -->
  <testcase name="@BeforeSuite initialization" time="0.0" classname="testBase_B10.TestBase_B10">
    <ignored/>
  </testcase> <!-- @BeforeSuite initialization -->
  <testcase name="@BeforeSuite initialization" time="0.0" classname="testBase_B10.TestBase_B10">
    <ignored/>
  </testcase> <!-- @BeforeSuite initialization -->
  <testcase name="@BeforeSuite initialization" time="0.0" classname="testBase_B10.TestBase_B10">
    <ignored/>
  </testcase> <!-- @BeforeSuite initialization -->
  <testcase name="@BeforeSuite initialization" time="0.0" classname="testBase_B10.TestBase_B10">
    <ignored/>
  </testcase> <!-- @BeforeSuite initialization -->
  <testcase name="@BeforeSuite initialization" time="0.0" classname="testBase_B10.TestBase_B10">
    <ignored/>
  </testcase> <!-- @BeforeSuite initialization -->
  <testcase name="@AfterSuite endTest" time="0.0" classname="testBase_B10.TestBase_B10">
    <ignored/>
  </testcase> <!-- @AfterSuite endTest -->
  <testcase name="@AfterSuite endTest" time="0.0" classname="testBase_B10.TestBase_B10">
    <ignored/>
  </testcase> <!-- @AfterSuite endTest -->
  <testcase name="@AfterSuite endTest" time="0.0" classname="testBase_B10.TestBase_B10">
    <ignored/>
  </testcase> <!-- @AfterSuite endTest -->
  <testcase name="@AfterSuite endTest" time="0.0" classname="testBase_B10.TestBase_B10">
    <ignored/>
  </testcase> <!-- @AfterSuite endTest -->
  <testcase name="@AfterSuite endTest" time="0.0" classname="testBase_B10.TestBase_B10">
    <ignored/>
  </testcase> <!-- @AfterSuite endTest -->
</testsuite> <!-- Test -->
