<!DOCTYPE html PUBLIC "-//W3C//DTD XHTML 1.1//EN" "http://www.w3.org/TR/xhtml11/DTD/xhtml11.dtd">
<html xmlns="http://www.w3.org/1999/xhtml">
<head>
<meta http-equiv="content-type" content="text/html; charset=UTF-8"/>
<title>TestNG Report</title>
<style type="text/css">table {margin-bottom:10px;border-collapse:collapse;empty-cells:show}th,td {border:1px solid #009;padding:.25em .5em}th {vertical-align:bottom}td {vertical-align:top}table a {font-weight:bold}.stripe td {background-color: #E6EBF9}.num {text-align:right}.passedodd td {background-color: #3F3}.passedeven td {background-color: #0A0}.skippedodd td {background-color: #DDD}.skippedeven td {background-color: #CCC}.failedodd td,.attn {background-color: #F33}.failedeven td,.stripe .attn {background-color: #D00}.stacktrace {white-space:pre;font-family:monospace}.totop {font-size:85%;text-align:center;border-bottom:2px solid #000}.invisible {display:none}</style>
</head>
<body>
<table>
<tr><th>Test</th><th># Passed</th><th># Skipped</th><th># Failed</th><th>Time (ms)</th><th>Included Groups</th><th>Excluded Groups</th></tr>
<tr><th colspan="7">Regression Suite</th></tr>
<tr><td><a href="#t0">Test</a></td><td class="num">2</td><td class="num attn">3</td><td class="num attn">1</td><td class="num">68,716</td><td></td><td></td></tr>
</table>
<table id='summary'><thead><tr><th>Class</th><th>Method</th><th>Start</th><th>Time (ms)</th></tr></thead><tbody><tr><th colspan="4">Regression Suite</th></tr></tbody><tbody id="t0"><tr><th colspan="4">Test &#8212; failed</th></tr><tr class="failedeven"><td rowspan="1">testCases.EndToEndTestCase</td><td><a href="#m0">endToEndTestCase</a></td><td rowspan="1">1636867320927</td><td rowspan="1">20746</td></tr><tr><th colspan="4">Test &#8212; skipped (configuration methods)</th></tr><tr class="skippedeven"><td rowspan="1">testCases.LoginToMyStore2</td><td><a href="#m1">getTestCaseName</a></td><td rowspan="1">1636867298245</td><td rowspan="1">1</td></tr><tr class="skippedodd"><td rowspan="1">testCases.LoginToMyStoreWithRegisteredUser2</td><td><a href="#m2">getTestCaseName</a></td><td rowspan="1">1636867320879</td><td rowspan="1">1</td></tr><tr class="skippedeven"><td rowspan="1">testCases.LoginToMyStoreWithRegisteredUser3</td><td><a href="#m3">getTestCaseName</a></td><td rowspan="1">1636867320898</td><td rowspan="1">1</td></tr><tr><th colspan="4">Test &#8212; skipped</th></tr><tr class="skippedeven"><td rowspan="1">testCases.LoginToMyStore2</td><td><a href="#m4">loginToMyStore2</a></td><td rowspan="1">1636867298302</td><td rowspan="1">0</td></tr><tr class="skippedodd"><td rowspan="1">testCases.LoginToMyStoreWithRegisteredUser2</td><td><a href="#m5">loginToMyStoreWithRegisteredUser2</a></td><td rowspan="1">1636867320895</td><td rowspan="1">0</td></tr><tr class="skippedeven"><td rowspan="1">testCases.LoginToMyStoreWithRegisteredUser3</td><td><a href="#m6">loginToMyStoreWithRegisteredUser3</a></td><td rowspan="1">1636867320913</td><td rowspan="1">0</td></tr><tr><th colspan="4">Test &#8212; passed</th></tr><tr class="passedeven"><td rowspan="1">testCases.LoginToMyStore</td><td><a href="#m7">loginToMyStore</a></td><td rowspan="1">1636867273397</td><td rowspan="1">24674</td></tr><tr class="passedodd"><td rowspan="1">testCases.LoginToMyStoreWithRegisteredUser</td><td><a href="#m8">loginToMyStoreWithRegisteredUser</a></td><td rowspan="1">1636867298319</td><td rowspan="1">22132</td></tr></tbody>
</table>
<h2>Test</h2><h3 id="m0">testCases.EndToEndTestCase#endToEndTestCase</h3><table class="result"><tr class="param"><th>Parameter #1</th></tr><tr class="param stripe"><td>{Page_Title=My Store, Contact_No=123456789, Email_ID=testMayuri@gmail.com, Password=pass125, Sr.No=1.0, City=Nagpur, First_Name=EndToEnd, Last_Name=Test Case}</td></tr><tr><th>Exception</th></tr><tr><td><div class="stacktrace">java.lang.AssertionError: expected [My Store] but found [Login - My Store]
	at utility.CommonMethods.verifyPageTitle(CommonMethods.java:60)
	at pages.HomePage.LoginWithRegisteredUser(HomePage.java:25)
	at testCases.EndToEndTestCase.endToEndTestCase(EndToEndTestCase.java:34)
... Removed 31 stack frames</div></td></tr></table><p class="totop"><a href="#summary">back to summary</a></p>
<h3 id="m1">testCases.LoginToMyStore2#getTestCaseName</h3><table class="result"><tr><th>Exception</th></tr><tr><td><div class="stacktrace">org.testng.SkipException: Run mode is set to No for Test case: LoginToMyStore2
	at testCases.LoginToMyStore2.getTestCaseName(LoginToMyStore2.java:26)
... Removed 26 stack frames</div></td></tr></table><p class="totop"><a href="#summary">back to summary</a></p>
<h3 id="m2">testCases.LoginToMyStoreWithRegisteredUser2#getTestCaseName</h3><table class="result"><tr><th>Exception</th></tr><tr><td><div class="stacktrace">org.testng.SkipException: Run mode is set to No for Test case: LoginToMyStoreWithRegisteredUser2
	at testCases.LoginToMyStoreWithRegisteredUser2.getTestCaseName(LoginToMyStoreWithRegisteredUser2.java:26)
... Removed 26 stack frames</div></td></tr></table><p class="totop"><a href="#summary">back to summary</a></p>
<h3 id="m3">testCases.LoginToMyStoreWithRegisteredUser3#getTestCaseName</h3><table class="result"><tr><th>Exception</th></tr><tr><td><div class="stacktrace">org.testng.SkipException: Run mode is set to No for Test case: LoginToMyStoreWithRegisteredUser3
	at testCases.LoginToMyStoreWithRegisteredUser3.getTestCaseName(LoginToMyStoreWithRegisteredUser3.java:27)
... Removed 26 stack frames</div></td></tr></table><p class="totop"><a href="#summary">back to summary</a></p>
<h3 id="m4">testCases.LoginToMyStore2#loginToMyStore2</h3><table class="result"><tr><th>Exception</th></tr><tr><td><div class="stacktrace">org.testng.SkipException: Run mode is set to No for Test case: LoginToMyStore2
	at testCases.LoginToMyStore2.getTestCaseName(LoginToMyStore2.java:26)
... Removed 26 stack frames</div></td></tr></table><p class="totop"><a href="#summary">back to summary</a></p>
<h3 id="m5">testCases.LoginToMyStoreWithRegisteredUser2#loginToMyStoreWithRegisteredUser2</h3><table class="result"><tr><th>Exception</th></tr><tr><td><div class="stacktrace">org.testng.SkipException: Run mode is set to No for Test case: LoginToMyStoreWithRegisteredUser2
	at testCases.LoginToMyStoreWithRegisteredUser2.getTestCaseName(LoginToMyStoreWithRegisteredUser2.java:26)
... Removed 26 stack frames</div></td></tr></table><p class="totop"><a href="#summary">back to summary</a></p>
<h3 id="m6">testCases.LoginToMyStoreWithRegisteredUser3#loginToMyStoreWithRegisteredUser3</h3><table class="result"><tr><th>Exception</th></tr><tr><td><div class="stacktrace">org.testng.SkipException: Run mode is set to No for Test case: LoginToMyStoreWithRegisteredUser3
	at testCases.LoginToMyStoreWithRegisteredUser3.getTestCaseName(LoginToMyStoreWithRegisteredUser3.java:27)
... Removed 26 stack frames</div></td></tr></table><p class="totop"><a href="#summary">back to summary</a></p>
<h3 id="m7">testCases.LoginToMyStore#loginToMyStore</h3><table class="result"><tr class="param"><th>Parameter #1</th></tr><tr class="param stripe"><td>{Page_Title=My Store, Contact_No=123456789, Email_ID=testwrwrw2342342@gmail.com, Password=pass123, Sr.No=1, City=Pune, First_Name=Abhishek, Last_Name=xyzdd}</td></tr></table><p class="totop"><a href="#summary">back to summary</a></p>
<h3 id="m8">testCases.LoginToMyStoreWithRegisteredUser#loginToMyStoreWithRegisteredUser</h3><table class="result"><tr class="param"><th>Parameter #1</th></tr><tr class="param stripe"><td>{Page_Title=My Store, Contact_No=234567894, Email_ID=testHemPrabha@gmail.com, Password=pass126, Sr.No=1, City=Delhi, First_Name=HemPrabha, Last_Name=last Name}</td></tr></table><p class="totop"><a href="#summary">back to summary</a></p>
</body>
</html>
